<?xml version="1.0" encoding="UTF-8"?>
<!-- Generated by org.testng.reporters.JUnitReportReporter -->
<testsuite hostname="Asifs-MBP" failures="0" tests="4" name="amazonTest.amazonTestCases" time="13.944" errors="0" timestamp="20 May 2018 07:17:04 GMT">
  <testcase classname="amazonTest.amazonTestCases" name="validateReenterCorrectPassword" time="3.347"/>
  <testcase classname="amazonTest.amazonTestCases" name="validateSuccessfulLogin" time="4.521"/>
  <testcase classname="amazonTest.amazonTestCases" name="validateErrorForIncorrectPassword" time="2.608"/>
  <testcase classname="amazonTest.amazonTestCases" name="validateErrorForIncorrectUserName" time="3.468"/>
</testsuite> <!-- amazonTest.amazonTestCases -->
