<?xml version="1.0" encoding="UTF-8"?>
<!-- Generated by org.testng.reporters.JUnitReportReporter -->
<testsuite hostname="Asifs-MBP" failures="0" tests="10" name="amazonTest.amazonTestCases" time="73.171" errors="0" timestamp="20 May 2018 13:26:41 GMT">
  <testcase classname="amazonTest.amazonTestCases" name="validatePageHeader" time="0.009"/>
  <testcase classname="amazonTest.amazonTestCases" name="validateProductPresentAfterLogoutAndRelogin" time="6.540"/>
  <testcase classname="amazonTest.amazonTestCases" name="validateErrorForIncorrectPassword" time="2.113"/>
  <testcase classname="amazonTest.amazonTestCases" name="validateProductAddedtoCart" time="0.047"/>
  <testcase classname="amazonTest.amazonTestCases" name="validateProductPriceAndNameInCart" time="5.917"/>
  <testcase classname="amazonTest.amazonTestCases" name="validateReenterCorrectPassword" time="3.070"/>
  <testcase classname="amazonTest.amazonTestCases" name="validateItemNameAndPriceAndAddtoCart" time="32.093"/>
  <testcase classname="amazonTest.amazonTestCases" name="validateErrorForIncorrectUserName" time="4.749"/>
  <testcase classname="amazonTest.amazonTestCases" name="validateSuccessfulLoginandPageHeader" time="4.426"/>
  <testcase classname="amazonTest.amazonTestCases" name="validateSearchAndAddFirstProduct" time="14.207"/>
</testsuite> <!-- amazonTest.amazonTestCases -->
